<?xml version="1.0" encoding="UTF-8"?>
<testsuite xmlns:xsi="http://www.w3.org/2001/XMLSchema-instance" xsi:noNamespaceSchemaLocation="https://maven.apache.org/surefire/maven-surefire-plugin/xsd/surefire-test-report-3.0.xsd" version="3.0" name="jp.co.dragonagency.dapaycore.service.MerchantApplicationInquiryServiceTest" time="0.127" tests="68" errors="0" skipped="0" failures="0">
  <properties>
[...]
</properties>
  <testcase name="T27_updateApplication_agreedRyuginCuQrがtrueでないときバリデーションエラーが発生する" classname="jp.co.dragonagency.dapaycore.service.MerchantApplicationInquiryServiceTest" time="0.004"/>
  <testcase name="T64_updateApplication_tに0900を渡すと正しいLocalTimeがセットされる" classname="jp.co.dragonagency.dapaycore.service.MerchantApplicationInquiryServiceTest" time="0.003"/>
  <testcase name="T29_updateApplication_agreedServiceTermsがtrueでないときバリデーションエラーが発生する" classname="jp.co.dragonagency.dapaycore.service.MerchantApplicationInquiryServiceTest" time="0.001"/>
  <testcase name="T72_deleteApplication_存在しないmemberCodeのとき申込情報が見つかりませんをスロー" classname="jp.co.dragonagency.dapaycore.service.MerchantApplicationInquiryServiceTest" time="0.002"/>
  <testcase name="T23_updateApplication_全必須項目が設定済みの正常データのとき例外なく保存が完了する" classname="jp.co.dragonagency.dapaycore.service.MerchantApplicationInquiryServiceTest" time="0.002"/>
  <testcase name="T69_updateApplication_lにnullを渡すとnullがセットされる" classname="jp.co.dragonagency.dapaycore.service.MerchantApplicationInquiryServiceTest" time="0.005"/>
  <testcase name="T50_updateApplication_storeAveragePriceが数値以外のとき平均単価に正しい数値を入力してくださいエラーが含まれる" classname="jp.co.dragonagency.dapaycore.service.MerchantApplicationInquiryServiceTest" time="0.002"/>
  <testcase name="T68_updateApplication_lに1000000を渡すと1000000がセットされる" classname="jp.co.dragonagency.dapaycore.service.MerchantApplicationInquiryServiceTest" time="0.002"/>
  <testcase name="T44_updateApplication_accountHolderKanaが空のとき口座名義カナは必須ですエラーが含まれる" classname="jp.co.dragonagency.dapaycore.service.MerchantApplicationInquiryServiceTest" time="0.001"/>
  <testcase name="T21_updateApplication_memberCodeが空文字のとき会員コードが指定されていませんをスロー" classname="jp.co.dragonagency.dapaycore.service.MerchantApplicationInquiryServiceTest" time="0.001"/>
  <testcase name="T32_updateApplication_取引形態が全てfalseのとき取引形態を1つ以上選択してくださいエラーが含まれる" classname="jp.co.dragonagency.dapaycore.service.MerchantApplicationInquiryServiceTest" time="0.001"/>
  <testcase name="T56_updateApplication_sに空文字を渡すとエンティティのフィールドにnullがセットされる" classname="jp.co.dragonagency.dapaycore.service.MerchantApplicationInquiryServiceTest" time="0.001"/>
  <testcase name="T13_findApplication_存在しないmemberCodeのときnullを返す" classname="jp.co.dragonagency.dapaycore.service.MerchantApplicationInquiryServiceTest" time="0.001"/>
  <testcase name="T75_deleteApplication_正常なmemberCodeのときlogicalDeleteByMemberCodeが呼ばれ書類も論理削除される" classname="jp.co.dragonagency.dapaycore.service.MerchantApplicationInquiryServiceTest" time="0.001"/>
  <testcase name="T58_updateApplication_bにtrueを渡すとtrueがセットされる" classname="jp.co.dragonagency.dapaycore.service.MerchantApplicationInquiryServiceTest" time="0.001"/>
  <testcase name="T59_updateApplication_bにfalseを渡すとfalseがセットされる" classname="jp.co.dragonagency.dapaycore.service.MerchantApplicationInquiryServiceTest" time="0.003"/>
  <testcase name="T17_findDocumentMap_deleteFlagTrueの書類のみのとき空のMapを返す" classname="jp.co.dragonagency.dapaycore.service.MerchantApplicationInquiryServiceTest" time="0.002"/>
  <testcase name="T40_updateApplication_corporateNumberが空のとき法人番号は必須ですエラーが含まれる" classname="jp.co.dragonagency.dapaycore.service.MerchantApplicationInquiryServiceTest" time="0.001"/>
  <testcase name="T63_updateApplication_dにnullを渡すとnullがセットされる" classname="jp.co.dragonagency.dapaycore.service.MerchantApplicationInquiryServiceTest" time="0.002"/>
  <testcase name="T34_updateApplication_salesFormatが空のとき販売形態は必須ですエラーが含まれる" classname="jp.co.dragonagency.dapaycore.service.MerchantApplicationInquiryServiceTest" time="0.001"/>
  <testcase name="T74_deleteApplication_正常なmemberCodeのときdeleteFlagがtrueに設定される" classname="jp.co.dragonagency.dapaycore.service.MerchantApplicationInquiryServiceTest" time="0.002"/>
  <testcase name="T39_updateApplication_corporateNameが空のとき法人名は必須ですエラーが含まれる" classname="jp.co.dragonagency.dapaycore.service.MerchantApplicationInquiryServiceTest" time="0.001"/>
  <testcase name="T60_updateApplication_bにnullを渡すとfalseがセットされる" classname="jp.co.dragonagency.dapaycore.service.MerchantApplicationInquiryServiceTest" time="0.001"/>
  <testcase name="T49_updateApplication_storeAveragePriceが0のときエラーが含まれない" classname="jp.co.dragonagency.dapaycore.service.MerchantApplicationInquiryServiceTest" time="0.005"/>
  <testcase name="T52_updateApplication_mposQuantityが数値以外のとき端末台数に正しい数値を入力してくださいエラーが含まれる" classname="jp.co.dragonagency.dapaycore.service.MerchantApplicationInquiryServiceTest" time="0.001"/>
  <testcase name="T73_deleteApplication_deleteFlagTrueのレコードのmemberCodeのときIllegalArgumentExceptionをスロー" classname="jp.co.dragonagency.dapaycore.service.MerchantApplicationInquiryServiceTest" time="0.001"/>
  <testcase name="T35_updateApplication_operationFormatが空のとき運営形態は必須ですエラーが含まれる" classname="jp.co.dragonagency.dapaycore.service.MerchantApplicationInquiryServiceTest" time="0.001"/>
  <testcase name="T46_updateApplication_storeCountが数値以外のとき店舗数に正しい数値を入力してくださいエラーが含まれる" classname="jp.co.dragonagency.dapaycore.service.MerchantApplicationInquiryServiceTest" time="0.001"/>
  <testcase name="T11_findApplication_deleteFlagFalseで存在するレコードのときMerchantApplicationを返す" classname="jp.co.dragonagency.dapaycore.service.MerchantApplicationInquiryServiceTest" time="0.001"/>
  <testcase name="T71_deleteApplication_memberCodeが空文字のとき会員コードが指定されていませんをスロー" classname="jp.co.dragonagency.dapaycore.service.MerchantApplicationInquiryServiceTest" time="0.001"/>
  <testcase name="T57_updateApplication_sに有効な文字列を渡すとその文字列がセットされる" classname="jp.co.dragonagency.dapaycore.service.MerchantApplicationInquiryServiceTest" time="0.001"/>
  <testcase name="T61_updateApplication_dに2025年01月01日を渡すと正しいLocalDateがセットされる" classname="jp.co.dragonagency.dapaycore.service.MerchantApplicationInquiryServiceTest" time="0.001"/>
  <testcase name="T55_updateApplication_sにnullを渡すとエンティティのフィールドにnullがセットされる" classname="jp.co.dragonagency.dapaycore.service.MerchantApplicationInquiryServiceTest" time="0.001"/>
  <testcase name="T30_updateApplication_agreedPrivacyPolicyがtrueでないときバリデーションエラーが発生する" classname="jp.co.dragonagency.dapaycore.service.MerchantApplicationInquiryServiceTest" time="0.001"/>
  <testcase name="T42_updateApplication_contactEmailが空のとき担当者メールアドレスは必須ですエラーが含まれる" classname="jp.co.dragonagency.dapaycore.service.MerchantApplicationInquiryServiceTest" time="0.001"/>
  <testcase name="T16_findDocumentMap_deleteFlagFalseの書類が存在するときdocumentTypeをキーとしたMapを返す" classname="jp.co.dragonagency.dapaycore.service.MerchantApplicationInquiryServiceTest" time="0.001"/>
  <testcase name="T22_updateApplication_存在しないmemberCodeのとき申込情報が見つかりませんをスロー" classname="jp.co.dragonagency.dapaycore.service.MerchantApplicationInquiryServiceTest" time="0.002"/>
  <testcase name="T43_updateApplication_bankCodeが空のとき金融機関コードは必須ですエラーが含まれる" classname="jp.co.dragonagency.dapaycore.service.MerchantApplicationInquiryServiceTest" time="0.001"/>
  <testcase name="T62_updateApplication_dに不正な日付文字列を渡すとIllegalArgumentExceptionをスロー" classname="jp.co.dragonagency.dapaycore.service.MerchantApplicationInquiryServiceTest" time="0.002"/>
  <testcase name="T48_updateApplication_storeAveragePriceがマイナス1のとき平均単価は0以上を入力してくださいエラーが含まれる" classname="jp.co.dragonagency.dapaycore.service.MerchantApplicationInquiryServiceTest" time="0.001"/>
  <testcase name="T66_updateApplication_iに123を渡すと123がセットされる" classname="jp.co.dragonagency.dapaycore.service.MerchantApplicationInquiryServiceTest" time="0.001"/>
  <testcase name="T45_updateApplication_storeCountが0のとき店舗数は1以上を入力してくださいエラーが含まれる" classname="jp.co.dragonagency.dapaycore.service.MerchantApplicationInquiryServiceTest" time="0.001"/>
  <testcase name="T28_updateApplication_agreedAgencyDelegationがtrueでないときバリデーションエラーが発生する" classname="jp.co.dragonagency.dapaycore.service.MerchantApplicationInquiryServiceTest" time="0.001"/>
  <testcase name="T24_updateApplication_agreedStarpayがtrueでないときバリデーションエラーが発生する" classname="jp.co.dragonagency.dapaycore.service.MerchantApplicationInquiryServiceTest" time="0.001"/>
  <testcase name="T19_findDocumentMap_異なるdocumentTypeの書類が複数ある場合は全てMapに含まれる" classname="jp.co.dragonagency.dapaycore.service.MerchantApplicationInquiryServiceTest" time="0.0"/>
  <testcase name="T65_updateApplication_tに不正な時刻文字列を渡すとIllegalArgumentExceptionをスロー" classname="jp.co.dragonagency.dapaycore.service.MerchantApplicationInquiryServiceTest" time="0.002"/>
  <testcase name="T15_findDocumentMap_memberCodeが空文字のとき空のMapを返す" classname="jp.co.dragonagency.dapaycore.service.MerchantApplicationInquiryServiceTest" time="0.001"/>
  <testcase name="T25_updateApplication_agreedJcbがtrueでないときバリデーションエラーが発生する" classname="jp.co.dragonagency.dapaycore.service.MerchantApplicationInquiryServiceTest" time="0.002"/>
  <testcase name="T18_findDocumentMap_同一memberCodeかつ同一documentTypeが複数ある場合は最初のレコードが優先される" classname="jp.co.dragonagency.dapaycore.service.MerchantApplicationInquiryServiceTest" time="0.002"/>
  <testcase name="T37_updateApplication_クレジットカード決済が全てfalseのときクレジットカード決済を1つ以上選択してくださいエラーが含まれる" classname="jp.co.dragonagency.dapaycore.service.MerchantApplicationInquiryServiceTest" time="0.001"/>
  <testcase name="T31_updateApplication_agreedAuthorityConfirmedがtrueでないときバリデーションエラーが発生する" classname="jp.co.dragonagency.dapaycore.service.MerchantApplicationInquiryServiceTest" time="0.001"/>
  <testcase name="T12_findApplication_deleteFlagTrueのレコードのみのときnullを返す" classname="jp.co.dragonagency.dapaycore.service.MerchantApplicationInquiryServiceTest" time="0.001"/>
  <testcase name="T26_updateApplication_agreedRyuginVisaMcCuがtrueでないときバリデーションエラーが発生する" classname="jp.co.dragonagency.dapaycore.service.MerchantApplicationInquiryServiceTest" time="0.001"/>
  <testcase name="T36_updateApplication_QRコード決済が全てfalseのときQRコード決済を1つ以上選択してくださいエラーが含まれる" classname="jp.co.dragonagency.dapaycore.service.MerchantApplicationInquiryServiceTest" time="0.001"/>
  <testcase name="T54_updateApplication_複数のバリデーションエラーがある場合は全エラーが改行区切りで例外メッセージに含まれる" classname="jp.co.dragonagency.dapaycore.service.MerchantApplicationInquiryServiceTest" time="0.002"/>
  <testcase name="T67_updateApplication_iにnullを渡すとnullがセットされる" classname="jp.co.dragonagency.dapaycore.service.MerchantApplicationInquiryServiceTest" time="0.002"/>
  <testcase name="T47_updateApplication_storeCountが空のとき店舗数は必須ですエラーが含まれる" classname="jp.co.dragonagency.dapaycore.service.MerchantApplicationInquiryServiceTest" time="0.002"/>
  <testcase name="T20_updateApplication_memberCodeがnullのとき会員コードが指定されていませんをスロー" classname="jp.co.dragonagency.dapaycore.service.MerchantApplicationInquiryServiceTest" time="0.003"/>
  <testcase name="T08_findApplication_memberCodeがnullのときnullを返す" classname="jp.co.dragonagency.dapaycore.service.MerchantApplicationInquiryServiceTest" time="0.001"/>
  <testcase name="T70_deleteApplication_memberCodeがnullのとき会員コードが指定されていませんをスロー" classname="jp.co.dragonagency.dapaycore.service.MerchantApplicationInquiryServiceTest" time="0.001"/>
  <testcase name="T53_updateApplication_deliveryZipCodeが空のときお届け先郵便番号は必須ですエラーが含まれる" classname="jp.co.dragonagency.dapaycore.service.MerchantApplicationInquiryServiceTest" time="0.001"/>
  <testcase name="T09_findApplication_memberCodeが空文字のときnullを返す" classname="jp.co.dragonagency.dapaycore.service.MerchantApplicationInquiryServiceTest" time="0.001"/>
  <testcase name="T10_findApplication_memberCodeが空白のみのときnullを返す" classname="jp.co.dragonagency.dapaycore.service.MerchantApplicationInquiryServiceTest" time="0.002"/>
  <testcase name="T41_updateApplication_repLastNameが空のとき代表者姓は必須ですエラーが含まれる" classname="jp.co.dragonagency.dapaycore.service.MerchantApplicationInquiryServiceTest" time="0.002"/>
  <testcase name="T33_updateApplication_businessEntityTypeが空のとき法人区分は必須ですエラーが含まれる" classname="jp.co.dragonagency.dapaycore.service.MerchantApplicationInquiryServiceTest" time="0.002"/>
  <testcase name="T38_updateApplication_電子マネー決済が全てfalseのとき電子マネー決済を1つ以上選択してくださいエラーが含まれる" classname="jp.co.dragonagency.dapaycore.service.MerchantApplicationInquiryServiceTest" time="0.002"/>
  <testcase name="T51_updateApplication_mposQuantityが0のとき端末台数は1以上を入力してくださいエラーが含まれる" classname="jp.co.dragonagency.dapaycore.service.MerchantApplicationInquiryServiceTest" time="0.001"/>
  <testcase name="T14_findDocumentMap_memberCodeがnullのとき空のMapを返す" classname="jp.co.dragonagency.dapaycore.service.MerchantApplicationInquiryServiceTest" time="0.002"/>
</testsuite>