<?xml version="1.0" encoding="UTF-8"?>
<testsuite xmlns:xsi="http://www.w3.org/2001/XMLSchema-instance" xsi:noNamespaceSchemaLocation="https://maven.apache.org/surefire/maven-surefire-plugin/xsd/surefire-test-report-3.0.xsd" version="3.0" name="jp.co.dragonagency.dapaycore.service.EmployeeServiceTest" time="0.264" tests="44" errors="0" skipped="0" failures="0">
  <properties>
[...]
</properties>
  <testcase name="T60_deleteEmployee_employeeNumberが空_存在しない_論理削除済みのいずれかのとき社員が見つからないを返す" classname="jp.co.dragonagency.dapaycore.service.EmployeeServiceTest" time="0.201"/>
  <testcase name="T27_login_認証成功でerrorCountが0以外のとき0にリセットしsaveを呼ぶ" classname="jp.co.dragonagency.dapaycore.service.EmployeeServiceTest" time="0.001"/>
  <testcase name="T56_saveEmployee_更新時passwordが空のとき現在のパスワードを維持する" classname="jp.co.dragonagency.dapaycore.service.EmployeeServiceTest" time="0.003"/>
  <testcase name="T29_saveEmployee_requestがnullのとき入力エラーを返す" classname="jp.co.dragonagency.dapaycore.service.EmployeeServiceTest" time="0.0"/>
  <testcase name="T16_findByEmployeeNumber_存在するdelete_flag_falseのときEmployeeを返す" classname="jp.co.dragonagency.dapaycore.service.EmployeeServiceTest" time="0.0"/>
  <testcase name="T21_login_社員が存在しないまたはdelete_flag_trueのとき失敗メッセージを返す" classname="jp.co.dragonagency.dapaycore.service.EmployeeServiceTest" time="0.001"/>
  <testcase name="T58_saveEmployee_更新時passwordが有効のときBCryptでハッシュ化する" classname="jp.co.dragonagency.dapaycore.service.EmployeeServiceTest" time="0.002"/>
  <testcase name="T49_saveEmployee_新規登録でシーケンスから社員番号が採番される" classname="jp.co.dragonagency.dapaycore.service.EmployeeServiceTest" time="0.008"/>
  <testcase name="T28_login_認証成功でerrorCountが既に0のときsaveを呼ばない" classname="jp.co.dragonagency.dapaycore.service.EmployeeServiceTest" time="0.001"/>
  <testcase name="T52_saveEmployee_更新時employeeNumberが空または存在しないとき社員が見つからないを返す" classname="jp.co.dragonagency.dapaycore.service.EmployeeServiceTest" time="0.001"/>
  <testcase name="T36_saveEmployee_phoneNumberが空のときエラーなし" classname="jp.co.dragonagency.dapaycore.service.EmployeeServiceTest" time="0.002"/>
  <testcase name="T17_findByEmployeeNumber_delete_flag_trueまたは存在しない社員番号のときnullを返す" classname="jp.co.dragonagency.dapaycore.service.EmployeeServiceTest" time="0.001"/>
  <testcase name="T51_saveEmployee_updateUserIdにloginUserIdが設定される" classname="jp.co.dragonagency.dapaycore.service.EmployeeServiceTest" time="0.001"/>
  <testcase name="T26_login_認証成功のときemployeeNumberとauthorityCodeを返す" classname="jp.co.dragonagency.dapaycore.service.EmployeeServiceTest" time="0.001"/>
  <testcase name="T38_saveEmployee_passwordErrorCountが負のときエラーを返す" classname="jp.co.dragonagency.dapaycore.service.EmployeeServiceTest" time="0.001"/>
  <testcase name="T37_saveEmployee_faxNumberが不正形式のときFAXエラーを返す" classname="jp.co.dragonagency.dapaycore.service.EmployeeServiceTest" time="0.001"/>
  <testcase name="T64_saveEmployee_新規登録でシーケンスからuserプレフィックスと0埋め3桁の社員番号を採番する_11ならuser011" classname="jp.co.dragonagency.dapaycore.service.EmployeeServiceTest" time="0.003"/>
  <testcase name="T41_saveEmployee_passwordが7文字以下または73文字以上のとき長さエラーを返す" classname="jp.co.dragonagency.dapaycore.service.EmployeeServiceTest" time="0.001"/>
  <testcase name="T19_login_employeeNumberが空またはrawPasswordがnullのとき失敗メッセージを返す" classname="jp.co.dragonagency.dapaycore.service.EmployeeServiceTest" time="0.0"/>
  <testcase name="T34_saveEmployee_authorityCode_01_02_03のとき検証を通過する" classname="jp.co.dragonagency.dapaycore.service.EmployeeServiceTest" time="0.001"/>
  <testcase name="T24_login_パスワード不一致のときerrorCountを1増やす" classname="jp.co.dragonagency.dapaycore.service.EmployeeServiceTest" time="0.001"/>
  <testcase name="T32_saveEmployee_employeeNameが空のとき社員名必須エラーを返す" classname="jp.co.dragonagency.dapaycore.service.EmployeeServiceTest" time="0.0"/>
  <testcase name="T31_saveEmployee_emailが無効形式のときフォーマットエラーを返す" classname="jp.co.dragonagency.dapaycore.service.EmployeeServiceTest" time="0.0"/>
  <testcase name="T44_saveEmployee_passwordに各文字種が1種類でも欠けるときポリシーエラーを返す" classname="jp.co.dragonagency.dapaycore.service.EmployeeServiceTest" time="0.001"/>
  <testcase name="T11_findByEmail_存在するメールアドレスdelete_flag_falseのときEmployeeを返す" classname="jp.co.dragonagency.dapaycore.service.EmployeeServiceTest" time="0.001"/>
  <testcase name="T33_saveEmployee_authorityCodeが不正のとき権限コードエラーを返す" classname="jp.co.dragonagency.dapaycore.service.EmployeeServiceTest" time="0.001"/>
  <testcase name="T14_findByEmployeeNumber_nullまたは空文字のときnullを返す" classname="jp.co.dragonagency.dapaycore.service.EmployeeServiceTest" time="0.0"/>
  <testcase name="T63_deleteEmployee_成功のときdeleteFlagをtrueにしupdatedAtを更新する" classname="jp.co.dragonagency.dapaycore.service.EmployeeServiceTest" time="0.001"/>
  <testcase name="T35_saveEmployee_phoneNumberが不正形式のとき電話番号エラーを返す" classname="jp.co.dragonagency.dapaycore.service.EmployeeServiceTest" time="0.001"/>
  <testcase name="T55_saveEmployee_更新時自分と同じメールアドレスのときエラーなし" classname="jp.co.dragonagency.dapaycore.service.EmployeeServiceTest" time="0.001"/>
  <testcase name="T59_saveEmployee_更新成功のときupdatedAtとupdateUserIdが更新される" classname="jp.co.dragonagency.dapaycore.service.EmployeeServiceTest" time="0.001"/>
  <testcase name="T48_saveEmployee_有効なパスワードのとき検証を通過する" classname="jp.co.dragonagency.dapaycore.service.EmployeeServiceTest" time="0.002"/>
  <testcase name="T12_findByEmail_delete_flag_trueまたは存在しないメールアドレスのときnullを返す" classname="jp.co.dragonagency.dapaycore.service.EmployeeServiceTest" time="0.001"/>
  <testcase name="T40_saveEmployee_passwordが空のときパスワード必須エラーを返す" classname="jp.co.dragonagency.dapaycore.service.EmployeeServiceTest" time="0.001"/>
  <testcase name="T39_saveEmployee_メールアドレスが重複するとき重複エラーを返す" classname="jp.co.dragonagency.dapaycore.service.EmployeeServiceTest" time="0.001"/>
  <testcase name="T57_saveEmployee_更新時passwordが入力されたとき検証する" classname="jp.co.dragonagency.dapaycore.service.EmployeeServiceTest" time="0.001"/>
  <testcase name="T30_saveEmployee_emailが空のときメールアドレス必須エラーを返す" classname="jp.co.dragonagency.dapaycore.service.EmployeeServiceTest" time="0.0"/>
  <testcase name="T25_login_errorCountが5になったときアカウントロックメッセージを返す" classname="jp.co.dragonagency.dapaycore.service.EmployeeServiceTest" time="0.0"/>
  <testcase name="T9_findByEmail_nullまたは空文字のときnullを返す" classname="jp.co.dragonagency.dapaycore.service.EmployeeServiceTest" time="0.0"/>
  <testcase name="T50_saveEmployee_パスワードがBCryptでハッシュ化される" classname="jp.co.dragonagency.dapaycore.service.EmployeeServiceTest" time="0.002"/>
  <testcase name="T54_saveEmployee_更新時他の社員とメールが重複するとき重複エラーを返す" classname="jp.co.dragonagency.dapaycore.service.EmployeeServiceTest" time="0.001"/>
  <testcase name="T23_login_passwordErrorCountが5以上のときアカウントロックメッセージを返す" classname="jp.co.dragonagency.dapaycore.service.EmployeeServiceTest" time="0.001"/>
  <testcase name="T7_findAllEmployees_deleteFlag_falseの社員のみを社員番号昇順で全件取得しtrueは除外する" classname="jp.co.dragonagency.dapaycore.service.EmployeeServiceTest" time="0.001"/>
  <testcase name="T43_saveEmployee_passwordに全角文字が含まれるとき文字種エラーを返す" classname="jp.co.dragonagency.dapaycore.service.EmployeeServiceTest" time="0.001"/>
</testsuite>